<?xml version="1.0" encoding="UTF-8"?>
<testng-results skipped="0" failed="0" ignored="0" total="1" passed="1">
  <reporter-output>
  </reporter-output>
  <suite name="Suite" duration-ms="10565" started-at="2018-12-29T16:20:43Z" finished-at="2018-12-29T16:20:54Z">
    <groups>
    </groups>
    <test name="Test" duration-ms="10565" started-at="2018-12-29T16:20:43Z" finished-at="2018-12-29T16:20:54Z">
      <class name="com.syntax.orangeHRM.test.initClass">
        <test-method status="PASS" signature="setUp()[pri:0, instance:com.syntax.orangeHRM.test.initClass@5e853265]" name="setUp" is-config="true" duration-ms="3857" started-at="2018-12-29T16:20:43Z" finished-at="2018-12-29T16:20:47Z">
          <reporter-output>
          </reporter-output>
        </test-method> <!-- setUp -->
        <test-method status="PASS" signature="setUp()[pri:0, instance:com.syntax.orangeHRM.test.initClass@5e853265]" name="setUp" is-config="true" duration-ms="1464" started-at="2018-12-29T16:20:47Z" finished-at="2018-12-29T16:20:49Z">
          <reporter-output>
          </reporter-output>
        </test-method> <!-- setUp -->
        <test-method status="PASS" signature="testRun()[pri:0, instance:com.syntax.orangeHRM.test.initClass@5e853265]" name="testRun" duration-ms="4861" started-at="2018-12-29T16:20:49Z" finished-at="2018-12-29T16:20:54Z">
          <reporter-output>
          </reporter-output>
        </test-method> <!-- testRun -->
        <test-method status="PASS" signature="finish()[pri:0, instance:com.syntax.orangeHRM.test.initClass@5e853265]" name="finish" is-config="true" duration-ms="131" started-at="2018-12-29T16:20:54Z" finished-at="2018-12-29T16:20:54Z">
          <reporter-output>
          </reporter-output>
        </test-method> <!-- finish -->
      </class> <!-- com.syntax.orangeHRM.test.initClass -->
    </test> <!-- Test -->
  </suite> <!-- Suite -->
</testng-results>
