<?xml version="1.0" encoding="UTF-8"?>
<testng-results skipped="0" failed="0" ignored="0" total="1" passed="1">
  <reporter-output>
  </reporter-output>
  <suite name="Default suite" duration-ms="9237" started-at="2018-12-29T17:07:38Z" finished-at="2018-12-29T17:07:48Z">
    <groups>
    </groups>
    <test name="Default test" duration-ms="9237" started-at="2018-12-29T17:07:38Z" finished-at="2018-12-29T17:07:48Z">
      <class name="com.syntax.orangeHRM.test.initClass">
        <test-method status="PASS" signature="setUp()[pri:0, instance:com.syntax.orangeHRM.test.initClass@3aeaafa6]" name="setUp" is-config="true" duration-ms="2676" started-at="2018-12-29T17:07:38Z" finished-at="2018-12-29T17:07:41Z">
          <reporter-output>
          </reporter-output>
        </test-method> <!-- setUp -->
        <test-method status="PASS" signature="setUp()[pri:0, instance:com.syntax.orangeHRM.test.initClass@3aeaafa6]" name="setUp" is-config="true" duration-ms="1629" started-at="2018-12-29T17:07:41Z" finished-at="2018-12-29T17:07:43Z">
          <reporter-output>
          </reporter-output>
        </test-method> <!-- setUp -->
        <test-method status="PASS" signature="testRun()[pri:0, instance:com.syntax.orangeHRM.test.initClass@3aeaafa6]" name="testRun" duration-ms="4790" started-at="2018-12-29T17:07:43Z" finished-at="2018-12-29T17:07:48Z">
          <reporter-output>
          </reporter-output>
        </test-method> <!-- testRun -->
        <test-method status="PASS" signature="finish()[pri:0, instance:com.syntax.orangeHRM.test.initClass@3aeaafa6]" name="finish" is-config="true" duration-ms="88" started-at="2018-12-29T17:07:48Z" finished-at="2018-12-29T17:07:48Z">
          <reporter-output>
          </reporter-output>
        </test-method> <!-- finish -->
      </class> <!-- com.syntax.orangeHRM.test.initClass -->
    </test> <!-- Default test -->
  </suite> <!-- Default suite -->
</testng-results>
